<?xml version="1.0" encoding="UTF-8"?>
<testsuite xmlns:xsi="http://www.w3.org/2001/XMLSchema-instance" xsi:noNamespaceSchemaLocation="https://maven.apache.org/surefire/maven-surefire-plugin/xsd/surefire-test-report.xsd" version="3.0.2" name="com.sesap.cadastrodecurriculos.CadastroDeCurriculosApplicationTests" time="46.849" tests="11" errors="0" skipped="0" failures="0">
  <properties>
[...]
</properties>
  <testcase name="escolaridadeVazia" classname="com.sesap.cadastrodecurriculos.CadastroDeCurriculosApplicationTests" time="11.96">
    <system-out><![CDATA[23:48:40.105 [main] INFO org.springframework.test.context.support.AnnotationConfigContextLoaderUtils -- Could not detect default configuration classes for test class [com.sesap.cadastrodecurriculos.CadastroDeCurriculosApplicationTests]: CadastroDeCurriculosApplicationTests does not declare any static, non-private, non-final, nested classes annotated with @Configuration.
23:48:40.763 [main] INFO org.springframework.boot.test.context.SpringBootTestContextBootstrapper -- Found @SpringBootConfiguration com.sesap.cadastrodecurriculos.CadastroDeCurriculosApplication for test class com.sesap.cadastrodecurriculos.CadastroDeCurriculosApplicationTests

  .   ____          _            __ _ _
 /\\ / ___'_ __ _ _(_)_ __  __ _ \ \ \ \
( ( )\___ | '_ | '_| | '_ \/ _` | \ \ \ \
 \\/  ___)| |_)| | | | | || (_| |  ) ) ) )
  '  |____| .__|_| |_|_| |_\__, | / / / /
 =========|_|==============|___/=/_/_/_/

 :: Spring Boot ::                (v3.4.1)

2025-05-06T23:48:43.519-03:00  INFO 32250 --- [           main] s.c.CadastroDeCurriculosApplicationTests : Starting CadastroDeCurriculosApplicationTests using Java 22.0.2 with PID 32250 (started by matheus in /home/matheus/Documentos/Java/Sesap/Cadastro-Curriculo/backend)
2025-05-06T23:48:43.525-03:00  INFO 32250 --- [           main] s.c.CadastroDeCurriculosApplicationTests : No active profile set, falling back to 1 default profile: "default"
2025-05-06T23:48:47.335-03:00  INFO 32250 --- [           main] .s.d.r.c.RepositoryConfigurationDelegate : Bootstrapping Spring Data JPA repositories in DEFAULT mode.
2025-05-06T23:48:47.487-03:00  INFO 32250 --- [           main] .s.d.r.c.RepositoryConfigurationDelegate : Finished Spring Data repository scanning in 124 ms. Found 1 JPA repository interface.
2025-05-06T23:48:49.045-03:00  INFO 32250 --- [           main] com.zaxxer.hikari.HikariDataSource       : HikariPool-1 - Starting...
2025-05-06T23:48:49.647-03:00  INFO 32250 --- [           main] com.zaxxer.hikari.pool.HikariPool        : HikariPool-1 - Added connection conn0: url=jdbc:h2:mem:testdb user=SA
2025-05-06T23:48:49.651-03:00  INFO 32250 --- [           main] com.zaxxer.hikari.HikariDataSource       : HikariPool-1 - Start completed.
2025-05-06T23:48:50.055-03:00  INFO 32250 --- [           main] o.hibernate.jpa.internal.util.LogHelper  : HHH000204: Processing PersistenceUnitInfo [name: default]
2025-05-06T23:48:51.067-03:00  INFO 32250 --- [           main] org.hibernate.Version                    : HHH000412: Hibernate ORM core version 6.6.4.Final
2025-05-06T23:48:51.258-03:00  INFO 32250 --- [           main] o.h.c.internal.RegionFactoryInitiator    : HHH000026: Second-level cache disabled
2025-05-06T23:48:52.430-03:00  INFO 32250 --- [           main] o.s.o.j.p.SpringPersistenceUnitInfo      : No LoadTimeWeaver setup: ignoring JPA class transformer
2025-05-06T23:48:52.806-03:00  INFO 32250 --- [           main] org.hibernate.orm.connections.pooling    : HHH10001005: Database info:
	Database JDBC URL [Connecting through datasource 'HikariDataSource (HikariPool-1)']
	Database driver: undefined/unknown
	Database version: 2.3.232
	Autocommit mode: undefined/unknown
	Isolation level: undefined/unknown
	Minimum pool size: undefined/unknown
	Maximum pool size: undefined/unknown
2025-05-06T23:48:56.092-03:00  INFO 32250 --- [           main] o.h.e.t.j.p.i.JtaPlatformInitiator       : HHH000489: No JTA platform available (set 'hibernate.transaction.jta.platform' to enable JTA platform integration)
2025-05-06T23:48:56.213-03:00  INFO 32250 --- [           main] j.LocalContainerEntityManagerFactoryBean : Initialized JPA EntityManagerFactory for persistence unit 'default'
2025-05-06T23:48:58.826-03:00  WARN 32250 --- [           main] JpaBaseConfiguration$JpaWebConfiguration : spring.jpa.open-in-view is enabled by default. Therefore, database queries may be performed during view rendering. Explicitly configure spring.jpa.open-in-view to disable this warning
2025-05-06T23:49:03.365-03:00  INFO 32250 --- [           main] o.s.b.t.m.w.SpringBootMockServletContext : Initializing Spring TestDispatcherServlet ''
2025-05-06T23:49:03.369-03:00  INFO 32250 --- [           main] o.s.t.web.servlet.TestDispatcherServlet  : Initializing Servlet ''
2025-05-06T23:49:03.380-03:00  INFO 32250 --- [           main] o.s.t.web.servlet.TestDispatcherServlet  : Completed initialization in 5 ms
2025-05-06T23:49:03.796-03:00  INFO 32250 --- [           main] s.c.CadastroDeCurriculosApplicationTests : Started CadastroDeCurriculosApplicationTests in 22.38 seconds (process running for 26.573)
]]></system-out>
    <system-err><![CDATA[Mockito is currently self-attaching to enable the inline-mock-maker. This will no longer work in future releases of the JDK. Please add Mockito as an agent to your build what is described in Mockito's documentation: https://javadoc.io/doc/org.mockito/mockito-core/latest/org/mockito/Mockito.html#0.3
WARNING: A Java agent has been loaded dynamically (/home/matheus/.m2/repository/net/bytebuddy/byte-buddy-agent/1.15.11/byte-buddy-agent-1.15.11.jar)
WARNING: If a serviceability tool is in use, please run with -XX:+EnableDynamicAgentLoading to hide this warning
WARNING: If a serviceability tool is not in use, please run with -Djdk.instrument.traceUsage for more information
WARNING: Dynamic loading of agents will be disallowed by default in a future release
]]></system-err>
  </testcase>
  <testcase name="telefoneDigitosAcima" classname="com.sesap.cadastrodecurriculos.CadastroDeCurriculosApplicationTests" time="0.027"/>
  <testcase name="telefoneVazio" classname="com.sesap.cadastrodecurriculos.CadastroDeCurriculosApplicationTests" time="0.024"/>
  <testcase name="cargoDesejadoVazio" classname="com.sesap.cadastrodecurriculos.CadastroDeCurriculosApplicationTests" time="0.011"/>
  <testcase name="nomeVazio" classname="com.sesap.cadastrodecurriculos.CadastroDeCurriculosApplicationTests" time="0.012"/>
  <testcase name="telefoneDigitosAbaixo" classname="com.sesap.cadastrodecurriculos.CadastroDeCurriculosApplicationTests" time="0.012"/>
  <testcase name="tipoArquivoInvalido" classname="com.sesap.cadastrodecurriculos.CadastroDeCurriculosApplicationTests" time="0.015"/>
  <testcase name="emailVazio" classname="com.sesap.cadastrodecurriculos.CadastroDeCurriculosApplicationTests" time="0.014"/>
  <testcase name="testarEnvioDocx" classname="com.sesap.cadastrodecurriculos.CadastroDeCurriculosApplicationTests" time="6.007">
    <system-out><![CDATA[2025-05-06T23:49:21.999-03:00  INFO 32250 --- [           main] c.s.c.service.EmailService               : E-mail enviado com sucesso para: Joao@example.com
2025-05-06T23:49:16.160353826
]]></system-out>
  </testcase>
  <testcase name="testarLimiteMaximo" classname="com.sesap.cadastrodecurriculos.CadastroDeCurriculosApplicationTests" time="0.053"/>
  <testcase name="testarEnvioDoc" classname="com.sesap.cadastrodecurriculos.CadastroDeCurriculosApplicationTests" time="3.833">
    <system-out><![CDATA[2025-05-06T23:49:25.901-03:00  INFO 32250 --- [           main] c.s.c.service.EmailService               : E-mail enviado com sucesso para: Joao@example.com
2025-05-06T23:49:22.092576403
]]></system-out>
  </testcase>
</testsuite>